states:[an:25:0]
states [an:55:19]
sich[an:47:4]
spinnen[an:8:3]
sprot[an:13:7]
sp3[an:15:3]
says[an:54:5]
s)[an:11:1]
sve[a:0:29]
sva[a:0:13]
sv[an:129:110]
s.[an:25:18]
s-[an:69:15]
s,[an:24:1]
ssh[an:17:6]
sR[an:10:1]
sf [an:11:4]
sfd[an:10:1]
contains[an:27:10]
company→[an:13:0]
refers[an:31:7]
requires[an:10:0]
region)[an:41:23]
r-[an:46:10]
rs[an:26:16]
rf[an:222:52]
rm[an:8:3]
r.[an:17:6]
r&[an:12:3]
imams[a:0:10]
is [a:586:2015]
ibn[a:1:23]
iu[a:9:26]
ii[a:11:19]
i[an:939870:9221]
maidens[an:12:0]
makes [an:17:9]
mentions[an:35:6]
mein[an:31:1]
mR[an:78:24]
m-[an:135:11]
m&[an:44:4]
m×[an:20:1]
mp[an:231:36]
mba[a:2:8]
mb[an:27:14]
mt[an:33:14]
md[an:25:15]
mf[an:18:7]
andr[an:828:4]
ande[an:42:2]
anda[an:17:1]
and[a:2465:3225]
anot[a:128:182]
an [a:377:591]
acab[a:0:11]
allma[a:3:11]
algu[a:2:10]
al-I[a:2:102]
al-'[a:1:12]
al-K[a:6:17]
al-N[a:0:11]
appears[a:3:16]
apart [a:4:9]
apre[a:3:9]
are:[a:4:51]
artí[a:0:12]
adeo[a:0:24]
aspr[a:4:9]
a [a:1454:2365]
a[an:2486543:16220]
to [an:866:637]
translations[an:13:8]
t-S[an:114:1]
tS[an:121:2]
Nasan[an:12:1]
Nabi [an:16:4]
Nabis[a:2:14]
Nabi[?:19:19]
Nao[an:20:5]
NASL[an:23:4]
NAAF[a:1:12]
NAA[an:165:60]
NA [an:19:14]
NAI[an:101:37]
NH[an:1641:199]
N-S[a:6:14]
N-a[a:32:42]
N-[an:398:160]
NT$[a:1:11]
NT[an:265:86]
NK[an:110:29]
NF[an:2549:215]
NES [an:76:57]
NEA[an:92:20]
NEH[an:24:4]
NLS[a:4:9]
NL[an:259:56]
NB[an:2421:244]
NM[an:240:38]
NSB[a:11:40]
NSW[a:8:125]
NS[an:456:287]
ND[an:319:54]
NC [a:19:25]
NCCA[a:3:8]
NC[an:1942:466]
N [an:113:41]
NPO[a:1806:2398]
NP[an:2638:2595]
NV[an:102:39]
NG[an:728:123]
NUS[an:17:2]
NIS[a:17:32]
NIA[a:7:16]
NIC[a:11:44]
NIMH[an:13:4]
NIM[a:13:15]
NI [a:4:11]
NIN[a:0:17]
NIL[a:2:12]
NI[an:267:245]
NYU[an:53:7]
NYP[an:109:33]
N6[an:29:10]
NNT[an:12:5]
NNR[an:13:0]
NWA[an:77:22]
NRJ[a:2:11]
NRT[a:12:48]
NR[an:288:180]
NJC[an:22:15]
Nth[an:12:2]
NX[an:183:4]
N4[an:8:2]
Nv[an:26:8]
N²[an:12:0]
each [a:9:15]
empez[a:0:30]
ella[a:5:18]
ello[a:0:14]
el-[a:4:17]
esta [a:0:12]
este [a:0:17]
escri[a:3:12]
esa[a:5:14]
enour[an:24:2]
enoug[a:9:34]
enou[?:36:36]
either [a:33:51]
eup [an:11:0]
eu[a:241:2828]
ew[a:16:59]
e[an:1169681:10111]
Amar [a:1:12]
Amar"[a:0:13]
Alcob[a:0:10]
Al-H[a:1:15]
Arrat[a:0:10]
Aragon [a:3:8]
Aragó[a:0:40]
Athleti[an:92:0]
Athle[a:154:180]
Asturian[an:43:1]
Astu[a:49:65]
Antioc[an:30:0]
Antio[a:32:83]
Andaluc[a:3:113]
AUD[a:16:38]
AU$[a:24:79]
AUSC[a:7:12]
Akiz[a:2:9]
A$[a:10:56]
A[an:381762:7526]
FMR[a:3:9]
FM[an:1437:198]
F4[an:215:20]
F5[an:154:12]
FB[an:1395:103]
FAQ[a:166:311]
FAR[a:102:301]
FAT[a:6:83]
FAP[a:0:22]
FAC[a:673:903]
FAD[a:4:25]
FAX[a:1:9]
FAK[a:0:13]
FAL[a:3:23]
FAS [an:10:2]
FAS[a:20:32]
FAIR[a:0:15]
FAN[a:0:32]
FAM[a:0:52]
FA[an:5737:4307]
FPC?[a:3:9]
FP.[a:150:244]
FP?[a:6:16]
FP[an:971:878]
F-[an:1116:213]
F/[an:57:19]
FID [an:10:5]
FIR [an:46:12]
FIAT[a:1:15]
FIA[an:142:53]
FIS [an:30:16]
FIU[an:13:0]
FOI [an:14:4]
FO [an:14:0]
F [an:289:34]
FC[an:442:138]
FTT[a:9:16]
FTS[a:4:33]
FT [a:35:47]
FT[an:1388:274]
FS[an:216:80]
FY[an:230:32]
FF [a:9:27]
FFH[a:0:32]
FF[an:132:107]
FD[an:254:38]
FLN[an:11:1]
FLR[an:22:16]
FLP[an:12:2]
FE [an:13:8]
FEC[an:10:2]
FEI[an:10:2]
F1[an:361:46]
F2[an:196:15]
FRS[an:26:10]
FRC[an:14:7]
F#[an:22:8]
FU.[an:22:1]
FU,[an:11:0]
F.[an:169:82]
FX[an:47:10]
F6[an:27:12]
Fh[an:119:1]
F9[an:13:7]
F,[an:32:0]
F"[an:57:1]
F3[an:156:18]
F0[an:63:2]
FH[an:36:20]
FfD[an:10:2]
FV[an:13:6]
Fσ[an:14:1]
FWD[a:3:11]
FW[an:39:26]
F70[a:1:10]
F7[an:13:11]
Fc[an:16:2]
FJ[an:12:4]
FK[an:15:6]
F)[an:19:0]
lva[an:10:0]
lp[an:8:3]
Me-[an:11:5]
Motors[an:15:5]
MoU[an:27:19]
Mie[an:19:12]
ML[an:860:246]
MF[an:922:130]
M.A.S[a:0:11]
M.[an:4596:1386]
MTR[a:39:68]
MT[an:1016:289]
MI5[an:49:1]
MIT[an:197:36]
MI6[an:75:9]
MI [an:16:3]
MIA[an:15:10]
MISL[an:11:3]
MS[an:1489:441]
MD[an:619:114]
M-[an:348:107]
M5[an:29:10]
MP[an:3344:321]
MO [an:18:9]
MOT [an:12:6]
MMT[a:6:21]
MM[an:684:355]
M4[an:118:47]
M3[an:70:19]
M190[an:11:0]
M19[a:33:37]
M1[an:407:127]
MAC[a:1:268]
MAG[a:2:28]
MAN[a:3:62]
MAJ[a:0:101]
MAS[a:5:105]
MAP[a:3:53]
MAL[a:2:39]
MAD[a:3:57]
MAR[a:1:72]
MAT[a:4:51]
MAX[a:0:47]
MAM[a:1:14]
MAA[a:8:13]
MAF[a:4:18]
MA[an:2133:1294]
MC[an:619:127]
MK-[a:4:9]
MK[an:128:41]
M7[an:36:20]
MV[an:263:80]
MEP[an:236:32]
MEd[an:9:4]
ME [an:15:10]
MEn[an:17:2]
MR[an:538:90]
MB[an:2636:211]
MH[an:215:55]
M8[an:29:5]
M,[an:16:0]
MX[an:76:16]
MU [an:8:3]
MUV[an:12:2]
M6[an:86:25]
MG[an:289:67]
M2[an:131:60]
MNF[a:3:9]
MN[an:113:37]
M&[an:39:14]
M [an:162:52]
Mh[an:70:17]
M/[an:28:4]
M9[an:21:4]
Msc[an:10:3]
Mf[an:438:69]
fM[an:35:2]
f [an:34:13]
fyi[an:8:2]
f-[an:56:13]
f/[an:24:5]
ft[an:29:13]
fp[an:15:7]
ghr[an:10:3]
univo[an:34:14]
unicorp[an:18:0]
unimo[a:1:38]
unim[an:678:48]
unin[an:23243:179]
unidi[a:9:99]
unid[an:1838:105]
uni[a:26377:78262]
unans[an:110:0]
unann[an:240:4]
unant[an:64:0]
unana[an:10:2]
unan[a:479:2454]
unary[a:7:170]
una [a:4:86]
une [a:0:36]
un [a:25:272]
utt[an:1184:7]
utm[an:20:0]
ut[a:1328:2754]
uses[an:9:3]
ush[an:211:2]
us [an:17:7]
us-[an:16:3]
us[a:1166:66068]
ulu[a:17:29]
ura[a:20:344]
uri[a:10:446]
uro[a:14:109]
ure[a:19:96]
url[a:36:169]
um [a:1:14]
uka[an:37:7]
uki[an:16:8]
uk[a:67:154]
ube[an:48:8]
ubl[an:10:0]
ub[a:94:401]
uv[a:18:88]
u [a:5:62]
u-[a:3:89]
uh[a:5:11]
uf[a:8:17]
u.[a:1:22]
uw[a:10:120]
u[an:283215:154575]
of [a:132:492]
onco[an:728:2]
oner[an:64:4]
onl[an:17016:314]
ons[an:897:7]
onb[an:346:1]
ong[an:9141:70]
on-[an:5379:83]
ont[an:475:6]
ono[an:172:2]
on [an:741:174]
on/[an:111:3]
oni[an:319:8]
ona[an:10:2]
onu[an:32:1]
onr[an:42:1]
ony[an:30:0]
ond[an:9:3]
onw[an:39:1]
onm[an:46:1]
on[a:35945:46650]
obr[a:1:12]
ocho[a:2:11]
organization→[a:0:27]
or [a:115:374]
oui[a:7:34]
olv[a:0:24]
otr[a:10:26]
oggi[a:0:24]
o[an:541690:51278]
WikiEl[an:8:3]
n-n[a:7:16]
n-[an:1118:118]
nt[an:64:19]
n [an:200:138]
n+[an:13:2]
n&[an:64:8]
n×[an:51:5]
nda[an:47:9]
nbs[an:17:5]
nx[an:10:2]
npa[an:16:10]
nW[an:13:1]
ncu[an:8:2]
nV[an:30:10]
ku [an:25:6]
bega[an:11:4]
bys [an:8:2]
bogd[an:18:0]
dich [an:14:0]
dem [an:37:2]
describes[an:16:2]
desec[an:77:50]
der [an:4249:4]
deine[an:11:0]
das [an:60:0]
durin[an:37:21]
does[an:70:46]
"f"[an:19:1]
"a [a:19:496]
"a[an:11879:760]
"m"[an:30:4]
"l"[an:27:1]
"eu[a:5:38]
"e[an:9082:203]
"s"[an:134:11]
"homa[an:18:9]
"hour[an:19:1]
"honey[a:0:31]
"honk[a:0:18]
"hon[an:255:60]
"heir[an:15:3]
"h"[an:52:7]
"Hon[an:72:18]
"H-[an:10:1]
"H"[an:66:13]
"HD[an:8:2]
"N"[an:49:9]
"NPOV [an:13:3]
"NPOV"[a:5:16]
"NPO[?:19:19]
"NP[an:23:22]
"r"[an:44:0]
"unin[an:139:5]
"unid[an:21:5]
"unim[an:21:3]
"uni[a:196:782]
"u"[a:2:46]
"us [an:44:1]
"us"[an:9:2]
"us[a:66:373]
"utt[an:37:0]
"ut[a:41:53]
"u[an:3777:1361]
"on-[an:41:2]
"on [an:49:9]
"on"[an:10:0]
"onl[an:151:11]
"ong[an:47:11]
"on[a:345:863]
"o[an:6121:1013]
"it's [a:9:14]
"i[an:8255:292]
"Ont[an:11:0]
"On [an:17:1]
"Onl[an:12:5]
"On[a:51:83]
"O[an:1351:173]
"n"[an:35:5]
"A [a:33:69]
"A[an:4170:323]
"S"[an:154:17]
"S-[an:15:3]
"S.[an:10:4]
"SS[an:10:2]
"Unr[an:17:0]
"Und[an:52:4]
"Unk[an:22:0]
"Unc[an:25:3]
"Uns[an:11:0]
"Ul[an:62:2]
"Ur[an:35:12]
"Ug[an:9:3]
"Up[an:37:0]
"L"[an:152:6]
"L-[an:15:0]
"M"[an:71:12]
"MC[an:11:2]
"XX[a:2:15]
"X[an:313:69]
"F"[an:92:9]
"F-[an:10:5]
"R"[an:97:12]
"RF[an:16:3]
"R-[an:12:1]
"Rf[an:13:3]
"I[an:2225:293]
"18[an:23:4]
"Eu[a:15:166]
"E[an:1893:274]
"...i[an:11:3]
"8[an:72:7]
"@[an:10:5]
"-e[an:10:0]
"-i[an:23:1]
"x[an:47:22]
"é[an:20:0]
were [an:76:58]
verses[an:14:0]
historical"[an:11:6]
historic"[an:20:7]
hims[an:13:4]
heira[a:1:50]
heir[an:1886:80]
hour[an:21215:127]
homa[an:1671:1191]
homm[an:35:15]
honey[a:1:780]
honk[a:0:92]
hond[a:0:11]
honv[a:0:12]
hon[an:20459:1357]
hors [an:26:3]
h,[an:11:0]
h-U[a:0:39]
h-[an:173:48]
h [an:97:8]
http [an:22:8]
htt[a:44:55]
ht[an:136:97]
hC[an:38:1]
hô[an:22:16]
Uruguayan-[an:15:9]
Uruk[an:15:0]
Uru[a:304:649]
Ura[a:26:125]
Uri[a:9:20]
Urk[a:2:29]
Ur[an:1570:998]
U-23 [an:16:7]
U-21[an:14:9]
U-Bo[a:0:63]
U-B[an:78:77]
Uto-[an:22:11]
Utr[an:27:5]
Utn[an:10:1]
Utt[an:16:3]
Uth[an:9:2]
UNDU[an:11:1]
Unid[an:27:7]
Unin[an:27:4]
Und[an:730:21]
Unl[an:68:3]
Unes[a:0:32]
Une[an:69:42]
Uns[an:84:3]
Unc[an:297:8]
Un-[an:12:1]
Unk[an:206:2]
Unters[a:15:39]
Unt[an:90:43]
Unb[an:66:1]
Unw[an:37:0]
Unm[an:46:2]
Unp[an:52:1]
Unr[an:120:8]
Unan[a:9:23]
Una[an:65:39]
Unf[an:79:0]
Unu[an:42:2]
Uno[an:37:5]
Ung[an:14:0]
Unn[an:19:2]
Unh[an:25:3]
Um[an:218:40]
Up[an:1001:31]
Ust[an:41:8]
Ush[an:16:3]
UMN[an:16:7]
Ugl[an:69:1]
Uli[a:5:14]
Ul[an:920:73]
Ubi[a:7:16]
Ub[an:97:42]
Ua[an:123:0]
Uz[an:282:60]
UDP-[an:30:9]
Ui[an:30:13]
Uh[an:15:7]
Ud[an:20:9]
Ux[an:16:1]
Uw[an:9:3]
Uc[an:12:7]
189 [a:4:12]
189-[a:0:13]
184-[a:0:19]
184 [a:3:12]
1808[an:19:0]
1804[an:37:2]
1803[an:23:3]
1809[an:24:2]
1800[an:106:41]
1801[an:25:4]
1806[an:17:1]
1807[an:14:1]
1802[an:18:3]
1805[an:21:6]
180[a:327:850]
183-[a:0:14]
183 [a:2:9]
187-[a:0:16]
187 [a:0:16]
188 [a:3:11]
188-[a:0:23]
182 [a:1:17]
182-[a:0:23]
181-[a:0:12]
181 [a:0:12]
185-[a:2:26]
185 [a:0:29]
186-[a:0:12]
186 [a:3:12]
18[an:12581:2893]
115[a:36:221]
110[a:56:552]
111[a:49:129]
112[a:18:199]
117[a:16:120]
113[a:14:98]
114[a:18:133]
119[a:7:95]
116[a:13:124]
118[a:13:120]
11[an:5419:3262]
Ilb[a:2:70]
Indigi[a:1:20]
Independê[a:0:13]
Internac[a:1:13]
Innocenz[a:0:12]
Islam [a:37:256]
Islam.[a:0:92]
Islam,[a:0:83]
Islands[a:3:31]
Isc[a:2:19]
Imams[a:0:33]
Imā[a:10:28]
III[a:16:40]
II-[a:0:17]
II.[a:1:9]
INR [a:2:9]
INR[?:9:9]
IR£[a:2:8]
I-A[a:5:29]
I[an:143889:4520]
Deutschl[an:14:2]
District,[an:49:28]
Dich[an:13:5]
Dinas[an:16:0]
Domh[an:9:2]
Doi[an:13:6]
Dui[an:10:4]
Daimh[an:10:0]
Droi[an:11:6]
Dú[an:16:9]
Laoig[an:16:0]
Lae[an:21:9]
Locha[an:45:10]
LMX[a:0:15]
LM[an:213:92]
LET[a:6:13]
LEO[a:7:27]
LEE[a:9:104]
LEA[a:28:46]
LEP[a:4:11]
LEG[a:1:61]
LE[an:405:378]
LTC[a:1:9]
LT[an:206:65]
L [an:148:23]
L-[an:537:124]
LIR[an:16:11]
LA [an:170:40]
LAL[an:18:7]
LAP[an:77:19]
LD[an:582:116]
L2[an:85:18]
LH[an:43:24]
LP[an:1538:145]
LC[an:747:150]
LL[an:2193:248]
LZ[an:24:13]
LOE[an:13:8]
LS[an:400:71]
LU [an:13:5]
LGBT-r[a:9:17]
LG[an:443:201]
LN[an:122:42]
LR[an:183:38]
L.[an:254:67]
LF[an:101:20]
LB[an:72:30]
L/[an:20:8]
LV[an:65:18]
L1[an:44:12]
L3[an:45:9]
LX[an:12:3]
LJ[an:10:5]
L,[an:14:1]
L5[an:12:7]
Lp[an:12:0]
$18 [an:54:9]
$18.[an:13:8]
$11.[an:25:19]
$11 [an:60:9]
$11,0[an:8:2]
$11,[?:13:13]
$8[an:599:152]
800x[a:19:38]
85h[a:5:10]
890[a:10:17]
8,03[a:0:10]
8,1[a:7:38]
8,2[a:11:20]
8[an:16568:3061]
Ghai[an:20:0]
Ghae[an:16:0]
Ghl[an:9:1]
yli[an:9:1]
Olv[a:0:31]
Oute[a:138:396]
Oui[a:8:89]
Oop[a:3:17]
Oberst [an:30:3]
Oberstl[an:14:3]
Obers[a:101:115]
Onei[an:42:0]
One[a:58:689]
ONE[a:1:29]
O[an:45231:2762]
Scua[an:17:0]
Spio[an:14:6]
Spyr[an:11:5]
Stele[an:8:3]
S&W[a:5:10]
S&[an:130:42]
SECO[a:0:13]
SECR[a:3:14]
SEC[an:253:73]
SEI[an:11:6]
SEO[an:58:33]
S-[an:660:154]
SNA[a:8:23]
SNO[a:0:94]
SNE[a:17:44]
SN[an:333:320]
SMA [an:9:1]
SMA[a:10:55]
SMI[a:6:16]
SME [an:17:2]
SME[a:25:34]
SMO[a:2:11]
SM[an:562:227]
SH-[an:23:13]
SH3[an:11:1]
SH2[an:12:1]
SS.[a:3:8]
SS[an:1386:376]
SCA [an:24:8]
SCT[an:23:4]
SCC[an:41:14]
SCRA[a:1:12]
SCR[an:35:22]
SCO [an:9:3]
SCP[an:9:3]
SCM[an:9:3]
STI[an:25:19]
STV[an:29:6]
STD[an:105:17]
ST-[an:12:1]
STB[an:10:4]
STA [an:21:1]
STM[an:21:11]
STS[an:28:4]
STL[an:17:2]
STC[an:24:2]
STF[an:12:3]
SI [an:205:15]
SA-[an:80:42]
SACD[an:17:10]
SA [an:108:27]
SAA [an:9:4]
SAE[an:14:6]
SAT [an:48:30]
SATB[an:13:4]
SASE[a:3:10]
SAS[an:75:62]
SPO[a:14:31]
SPAR[a:0:70]
SPAN[a:0:13]
SPAA[a:0:10]
SPAC[a:0:14]
SPAD[a:0:27]
SPAM[a:0:27]
SPE [an:12:2]
SPE[a:14:98]
SPU[a:3:17]
SPIC[a:0:14]
SP[an:1692:1245]
SLA [an:11:1]
SLA[a:17:54]
SLI[a:13:22]
SLO[a:5:14]
SL[an:263:162]
SOS[an:162:24]
SOV[an:18:8]
SOE[an:34:5]
SOA [an:35:17]
SOAI[an:13:0]
SO([an:16:5]
SF[an:204:131]
S [an:329:29]
SUS[a:0:12]
SUB[a:0:22]
SUN[a:0:33]
SUL[a:59:102]
SUP[a:2:18]
SUC[a:2:9]
SU[an:419:281]
SWR[an:15:3]
SWP[an:10:2]
SWF[an:25:12]
SR[an:239:92]
S.B[an:30:9]
S.M[an:22:9]
S.T.M[an:9:2]
S.T.B[an:8:2]
S.O[an:30:4]
S1[an:38:17]
SD[an:611:141]
SB[an:185:79]
SG[an:163:56]
SXS[a:2:11]
SX[an:23:22]
SJ[an:10:5]
SK[an:62:47]
S2[an:17:8]
SV[an:946:205]
S5[an:9:4]
S4[an:15:4]
S3[an:21:7]
S,[an:21:1]
S)[an:9:1]
S6[an:12:4]
S7[an:8:2]
Hour[an:198:2]
Honol[a:1:46]
Hond[a:29:923]
Hong[a:4:1798]
Hones[an:68:2]
Hone[a:68:131]
Honk[a:0:21]
Hon[an:4621:3055]
Habilitations[an:9:3]
Herrn[an:11:1]
Heir[an:28:2]
HTP[a:4:14]
HT[an:1024:221]
Hypoth[a:3:8]
Hypot[an:15:9]
H [an:165:31]
HB[an:366:64]
HDB[a:10:15]
HD[an:655:292]
HC [a:4:9]
HC[an:69:46]
HV[an:82:42]
HMMW[a:10:17]
HMM[?:21:21]
HM[an:172:76]
HIM[a:2:9]
HIG[a:4:34]
HID[a:11:21]
HIP[a:2:18]
HI[an:428:190]
HLA-D[a:9:16]
HL[an:184:53]
HQ[an:60:30]
HN[an:60:23]
HG[an:25:16]
H-[an:302:62]
HF[an:74:30]
H.A[a:0:13]
H.[an:106:77]
HP[an:291:111]
HU-[an:9:3]
HST[a:8:17]
HSR[a:7:24]
HS [a:9:32]
HS[an:164:122]
HWM[an:9:2]
HWT[an:10:2]
HRT[a:11:21]
HRA [a:3:8]
HR[an:124:83]
HOV[an:41:13]
HO [an:17:3]
H3[an:17:6]
H2[an:49:22]
HH[an:90:27]
H,[an:12:0]
H5[an:42:5]
H1[an:37:11]
H4[an:9:2]
H&[an:25:11]
Buddhism[an:35:19]
Bord [an:12:6]
Bogd[an:18:9]
Bhai[an:68:9]
Bhá[an:50:0]
B'a[an:17:0]
Tighe[an:8:2]
Taves[an:24:0]
Tava[an:18:3]
Teag[an:8:2]
Tuir[an:15:0]
Tà[an:12:0]
Valley,[an:10:2]
VII [a:2:8]
VII[an:36:21]
Phob[an:47:13]
Phoi[an:16:0]
Recti[an:12:5]
RST[a:3:28]
RS [a:449:605]
RS,[a:117:158]
RS.[a:149:255]
RS)[a:11:38]
RS?[a:28:75]
RS[an:1445:1320]
RNG[a:3:10]
RN[an:609:105]
RB[an:727:85]
R-[an:506:78]
ROC [an:34:25]
ROT[an:78:32]
RAF[an:729:213]
RAA[an:81:65]
RA [an:23:9]
RF[an:4918:963]
RIA[an:88:24]
RIC [an:43:8]
RI [an:10:0]
Rhein [an:11:4]
RT[an:461:119]
RC[an:585:115]
RK[an:147:11]
R [an:364:47]
R.C[a:4:11]
R.[an:133:76]
RHS[an:12:1]
RP[an:788:156]
RG[an:171:20]
RD[an:234:77]
RM1[a:4:16]
RM[an:166:125]
R5[an:12:7]
R&[an:968:275]
RL [a:11:24]
RL[an:50:32]
RR[an:111:31]
R,[an:13:1]
RER[an:12:4]
RE [an:16:1]
R6[an:13:4]
RX[an:20:9]
R3[an:34:13]
RV[an:200:35]
RU[an:119:46]
Rf[an:12715:4550]
R4[an:29:8]
R2[an:34:13]
RJ[an:60:8]
R10[a:5:11]
R1[an:90:40]
R/[an:23:6]
RQ[an:15:6]
Chais[an:22:2]
Chái[an:12:0]
Chn[an:14:3]
County,[an:71:35]
Coy [an:10:3]
'r'[an:19:1]
'on [an:17:0]
'on[a:41:145]
'o[an:840:180]
'On[a:6:19]
'O[an:217:29]
'a [a:1:20]
'a[an:1526:48]
'hon[an:33:10]
'h'[an:25:9]
's',[an:11:2]
'Eu[a:1:21]
'E[an:289:29]
'unin[an:13:0]
'uni[a:18:130]
'u'[a:0:12]
'us[a:9:45]
'u[an:448:212]
'n'[an:17:2]
'e[an:1232:23]
'L'[an:84:1]
'i[an:1056:32]
'S'[an:51:2]
'N'[an:13:1]
'I[an:254:28]
'F'[an:26:2]
'M'[an:28:5]
'R'[an:32:0]
'Hon[an:25:3]
'H'[an:14:1]
'A[an:631:37]
'X[an:61:10]
'8[an:73:8]
'x[an:24:5]
Enseñ[a:0:10]
Enam[a:3:25]
Eul[an:137:27]
Eu[a:508:11715]
EUR[a:3:54]
Espad[an:14:6]
Espe[an:218:7]
Espo[an:13:0]
Esp[a:275:1801]
Escob[a:2:8]
Empez[a:0:26]
Extrema[a:3:24]
Ebola[an:12:0]
Ebol[a:12:16]
E[an:128132:16221]
Yeth[an:13:2]
Yv[an:8:3]
Karls[an:11:6]
(cr[an:38:18]
(uni[a:26:78]
(un[an:309:114]
(ul[an:12:1]
(on[a:13:37]
(ori[an:10:1]
(or[a:32:44]
(o[an:160:119]
(Su[an:14:7]
(modern[an:21:13]
(n,[an:10:3]
(n&[an:28:6]
(n+[an:34:3]
(n-[an:23:5]
(a [a:5:10]
(a[an:431:188]
(195[an:9:4]
(Z[an:21:11]
(in [a:16:49]
(i.[a:2:13]
(if[a:1:9]
(i[an:258:145]
(prese[an:16:4]
(In[an:17:3]
(e[an:122:52]
(X[an:22:2]
(En[an:9:4]
(長[an:14:0]
(Ch[an:16:11]
(西[an:23:0]
(南[an:9:1]
(O[an:13:8]
Jian[a:2:24]
Jia[an:101:29]
xe[a:2:310]
xy[a:12:148]
xi[a:1:52]
xa[a:1:52]
xo[a:3:15]
xx[a:14:37]
x[an:843:779]
-s [an:26:0]
-a[an:57:33]
-o[an:34:9]
-O[an:11:1]
-i[an:68:29]
-di[an:72:56]
-e[an:65:22]
‘e[an:104:1]
‘i[an:109:3]
‘a[an:138:9]
‘on[a:4:18]
‘o[an:102:19]
‘I[an:32:1]
‘un[a:13:18]
‘u[an:29:26]
‘E[an:36:5]
‘O[an:27:7]
‘A[an:59:5]
/h[an:17:12]
/s/[an:14:0]
/i[an:15:1]
/l[an:12:5]
/e[an:10:4]
/a[an:17:4]
“a [a:1:13]
“a[an:538:22]
“uni[a:6:52]
“us[a:5:15]
“u[an:209:69]
“on[a:14:60]
“o[an:293:66]
“hon[an:24:3]
“I[an:111:2]
“i[an:489:5]
“e[an:466:12]
“Hon[an:11:3]
“A[an:221:9]
“Eu[a:0:12]
“E[an:107:17]
“F”[an:12:0]
“S”[an:9:2]
“O[an:47:8]
“X[an:17:1]
#i[an:20:11]
α[an:268:35]
Xiany[an:26:0]
Xi[a:39:214]
Xe[a:2:205]
XIV[a:3:10]
XIX[a:2:14]
XXX[a:14:23]
Xy[a:0:20]
Xh[a:0:45]
XV[a:12:41]
Xu[a:0:31]
Xa[a:2:78]
Xo[a:3:13]
XU[a:3:10]
XA[a:8:20]
Xm[a:7:13]
X[an:5484:1230]
0-4 [a:34:79]
0-4[an:134:123]
0-11[an:12:7]
0-8[an:41:19]
0-form[a:0:10]
0-for-[an:11:1]
0-fo[?:11:11]
0-6-[an:75:48]
08[an:25:8]
.av[an:16:11]
.og[an:26:17]
:Wikipedia:E[an:11:0]
£8[an:134:42]
Á[an:19:9]
&a[an:15:7]
&o[an:16:6]
*e[an:22:1]
*i[an:13:0]
*a[an:25:3]
–i[an:9:1]
Ō[an:24:0]
ω[an:46:7]
[h[a:4:28]
[ [a:9:50]
[p[a:0:11]
[[an:512:259]
ε[an:36:3]
éta[an:38:2]
étu[an:17:1]
ét[a:62:141]
ég[a:0:13]
é[an:293:180]
É[an:51:13]
æ[an:12:5]
`a[an:12:1]
Ó[an:23:1]
ü[an:21:4]
Ü[an:23:2]
Å[an:17:2]
ā[an:18:7]
ō[an:37:4]
İ[an:12:3]
Ö[an:28:11]
à[an:25:6]
@[an:46:33]
Ä[an:16:3]
ö[an:9:2]
∞[an:8:2]
[a:6495287:30547538]
