states:[an:25:2]
states [an:55:29]
sich[an:50:4]
says,[an:10:1]
says:[an:14:4]
spinnen[an:8:3]
sprot[an:16:7]
sp3[an:15:3]
s)[an:11:1]
ssh[an:18:6]
sve[a:0:33]
sva[a:0:13]
sv[an:138:118]
s.[an:27:20]
s-[an:76:17]
s,[an:24:2]
sR[an:10:1]
sf [an:11:4]
sfd[an:10:1]
considers[an:8:2]
converges[an:8:2]
company→[an:13:0]
region)[an:41:23]
r-[an:53:10]
rs[an:26:16]
rf[an:223:53]
r.[an:17:8]
rva[an:10:0]
r&[an:12:3]
indicates[a:4:18]
induces[a:1:10]
into [a:108:160]
instructions [an:8:3]
instructions[?:9:9]
inste[a:22:55]
inserts[a:3:10]
increases[a:3:13]
includes[a:12:35]
ina [a:1:10]
inhibitors[a:0:13]
in [a:1709:3415]
implies[a:6:50]
imams[a:0:10]
is [a:666:8340]
is,[a:2:14]
isn[a:14:19]
is.[a:0:11]
ignites[a:0:17]
if [a:82:173]
itself.[a:15:21]
italiana[a:4:75]
ibn[a:1:23]
iu[a:9:28]
ii[a:11:21]
i[an:984183:19554]
maidens[an:12:0]
mentions[an:35:8]
mein[an:50:1]
mirror-u[an:13:6]
mR[an:84:25]
m-[an:141:19]
m&[an:45:4]
m×[an:22:2]
mp[an:246:37]
mda[an:20:2]
md[?:26:26]
mba[a:2:8]
mb[an:27:16]
mt[an:40:20]
mf[an:18:8]
antibodi[a:0:14]
andr[an:897:6]
ande[an:43:2]
anda[an:19:1]
and[a:2667:14015]
anot[a:140:186]
an [a:396:626]
at [a:346:574]
acts[a:8:13]
acab[a:0:11]
alleles[a:0:11]
allows[a:5:10]
allma[a:3:11]
algu[a:3:10]
also [a:151:232]
al-I[a:2:102]
al-'[a:1:12]
al-K[a:6:17]
al-N[a:0:11]
alone[an:39:17]
alon[a:54:88]
approache[a:4:10]
appearances[a:17:141]
appears[a:3:35]
appear [a:2:9]
apart [a:4:9]
apre[a:3:9]
arte [a:0:13]
artí[a:0:12]
are [a:172:586]
are:[a:4:61]
ambast[a:0:20]
amplifiers[a:1:17]
among[a:8:14]
adds[a:2:11]
adeo[a:0:24]
about [a:88:118]
aspr[a:4:33]
asks[a:5:12]
affiliate,[a:40:502]
affiliate.[a:46:65]
affiliates[a:0:35]
agrees[a:2:16]
agai[a:48:160]
a [a:1508:2539]
a[an:2566002:32443]
translations[an:13:8]
t-S[an:128:1]
t-E[an:25:0]
t-A[an:24:0]
t-O[an:10:0]
tS[an:156:2]
tA[an:20:0]
tO[an:29:0]
ghr[an:10:3]
Nasi[an:35:10]
Nabis[a:2:14]
Nabi[an:20:19]
Nanb[an:20:4]
Nam [an:45:0]
Nahar[an:14:0]
Nafu[an:12:0]
Nao[an:20:6]
Naj[an:53:6]
Ninh[an:10:0]
NASL[an:23:4]
NAAF[a:1:12]
NAA[an:165:61]
NAI[an:101:39]
Nuq[an:16:0]
NH[an:1675:211]
N-S[a:6:14]
N-a[a:33:42]
N-[an:440:168]
NG[an:769:128]
NT$[a:1:11]
NT[an:291:95]
NK[an:112:33]
NF[an:2583:218]
NES [an:89:63]
NEA[an:94:24]
NEH[an:24:4]
NLS[a:5:10]
NL[an:269:61]
NB[an:2470:252]
NIH[an:89:21]
NIS [an:13:8]
NIT[an:93:22]
NIMH[an:13:4]
NM[an:253:44]
NSB[a:12:40]
NSW[a:8:133]
NS[an:503:317]
NC [a:20:28]
NCCA[a:3:8]
NC[an:1984:485]
ND[an:346:56]
NPO[a:1847:2432]
NP[an:2719:2636]
NYU[an:57:8]
NYP[an:116:39]
NV[an:106:46]
NUS[an:17:2]
N6[an:30:12]
NNT[an:15:6]
NNR[an:13:0]
NRJ[a:2:11]
NRT[a:13:48]
NR[an:308:184]
NWA[an:77:23]
N,[an:10:5]
Nth[an:14:2]
NJC[an:22:15]
NX[an:183:9]
N4[an:8:2]
Nh[an:24:5]
Nv[an:27:8]
N²[an:12:0]
each [a:10:19]
except [a:18:33]
exists[a:3:17]
empez[a:0:30]
edits [a:8:15]
elements[a:3:8]
ella[a:5:20]
ello[a:0:16]
el [a:6:11]
el-[a:5:17]
esta [a:0:12]
este [a:0:22]
escri[a:5:16]
esa[a:5:15]
enters[a:1:12]
engines[a:5:33]
enour[an:24:2]
enou[a:37:38]
etc.[a:7:16]
et [a:6:86]
either [a:34:55]
eup [an:13:0]
eu[a:251:2945]
e [a:117:147]
ew[a:17:69]
e[an:1240047:11606]
Amari[an:25:2]
Amar [a:1:15]
Amar"[a:0:18]
Amar[?:45:45]
Amé[a:3:8]
Antioc[an:30:0]
Antio[a:33:83]
Andaluc[a:4:114]
Alek[a:8:32]
Albi [a:1:13]
Albuq[a:35:88]
Allma[a:10:24]
Altoo[a:5:21]
Alcob[a:0:10]
Al-H[a:1:15]
Arrat[a:1:10]
Aragon [a:3:8]
Aragó[a:0:40]
Arte [a:6:29]
Architects[a:3:17]
Apoli[a:0:12]
Athleti[an:104:5]
Athle[a:180:185]
Adeo[a:2:27]
Asturian[an:44:1]
Astu[a:50:65]
Aa [a:0:14]
AUD[a:19:40]
AU$[a:24:83]
Akiz[a:2:9]
A$[a:10:57]
A[an:414286:9467]
F5[an:176:16]
Foras[an:14:1]
FMR[a:3:9]
FM[an:1496:244]
F4[an:242:27]
FB[an:1518:110]
FAB[a:4:9]
FAQ[a:173:334]
FAR[a:103:315]
FAT[a:6:91]
FAP[a:0:23]
FAC[a:681:930]
FAD[a:4:26]
FAX[a:1:9]
FAK[a:0:17]
FAL[a:4:25]
FAS [an:10:4]
FAS[a:20:44]
FAIR[a:0:25]
FAM[a:1:64]
FAN[a:0:44]
FA[an:5854:4492]
FPC?[a:3:9]
FP.[a:150:244]
FP?[a:6:16]
FP[an:1001:909]
F-[an:1286:219]
F/[an:76:20]
FID [an:11:6]
FIR [an:60:14]
FIAT[a:1:17]
FIA[an:148:55]
FIS [an:32:18]
FIU[an:13:1]
FOI [an:14:4]
FO [an:15:2]
F [an:299:148]
FC[an:476:146]
FTT[a:9:16]
FTS[a:4:35]
FT[an:1420:284]
FS[an:238:95]
FY[an:234:33]
FF [a:9:28]
FFH[a:0:32]
FF[an:141:110]
FD[an:280:44]
FLN[an:11:1]
FLR[an:22:16]
FLP[an:13:2]
FE [an:13:8]
FEC[an:12:4]
FEI[an:11:2]
F1[an:430:53]
F2[an:247:20]
FRS[an:26:11]
FRA [an:10:0]
FRC[an:15:9]
F#m[a:3:9]
F#[an:24:15]
FU.[an:22:1]
FU,[an:11:0]
F.[an:190:87]
FX[an:55:10]
Fórs[an:10:0]
F6[an:34:12]
F3[an:180:18]
Fh[an:149:2]
F9[an:15:8]
F,[an:32:3]
F"[an:59:2]
Fσ[an:15:1]
F0[an:85:3]
Fá[an:20:12]
FH[an:38:23]
FfD[an:10:2]
F70[a:2:10]
F7[an:14:13]
FV[an:18:8]
FWD[a:4:12]
FW[an:41:29]
Fc[an:17:3]
FJ[an:19:4]
FK[an:16:7]
F)[an:19:0]
lva[an:10:0]
lp[an:8:3]
Motors[an:15:7]
MoU[an:35:22]
Mi-[an:119:54]
Miel[a:1:9]
Mie[an:20:19]
ML[an:877:259]
MF[an:943:135]
M.A.S[a:0:11]
M.[an:4623:1403]
MTR[a:43:71]
MT[an:1071:298]
MI5[an:58:1]
MIT[an:209:38]
MISL[an:12:3]
MI6[an:92:9]
MIA[an:16:11]
MS[an:1558:469]
MD[an:656:131]
M-[an:373:112]
M5[an:33:11]
MP[an:3465:336]
MO [an:18:12]
MOT [an:13:7]
MMT[a:6:21]
MM[an:722:373]
M4[an:129:50]
M3[an:76:27]
M190[an:12:0]
M19[a:34:37]
M1[an:422:129]
MAC[a:1:287]
MAG[a:2:59]
MAS[a:5:120]
MAM[a:1:16]
MAT[a:5:94]
MAN[a:3:105]
MAI[a:9:16]
MAJ[a:0:115]
MAD[a:3:67]
MAP[a:3:66]
MAL[a:2:51]
MAR[a:1:98]
MAX[a:0:49]
MAA[a:8:14]
MAF[a:4:19]
MAY[a:0:10]
MA[an:2148:1541]
MC[an:662:144]
MK-[a:4:11]
MK[an:132:48]
M7[an:37:20]
MV[an:289:87]
MEP[an:239:34]
MEd[an:9:4]
ME [an:15:10]
MEn[an:17:2]
MR[an:600:100]
MB[an:2663:218]
MH[an:230:63]
M8[an:31:5]
M,[an:16:4]
MJ[an:21:16]
MX[an:78:16]
MU [an:8:3]
MUV[an:12:3]
M6[an:94:25]
MG[an:311:71]
M2[an:135:62]
MNF[a:3:9]
MN[an:120:38]
Mh[an:110:37]
MZ[an:8:2]
M&[an:40:14]
M/[an:29:5]
M9[an:21:5]
Msc[an:10:3]
Mf[an:454:73]
forts[an:13:0]
fM[an:50:2]
f [an:35:27]
fyi[an:8:2]
f-[an:61:13]
f/[an:24:7]
ft[an:29:20]
fp[an:15:7]
bogd[an:18:0]
bys [an:8:2]
univo[an:36:15]
unicorp[an:18:0]
unimo[a:1:42]
unim[an:716:55]
unin[an:23495:181]
unidi[a:9:105]
unid[an:2054:115]
uni[a:26912:81358]
unans[an:113:0]
unann[an:251:4]
unant[an:68:0]
unana[an:10:2]
unan[a:500:2504]
unary[a:8:182]
una [a:4:101]
until[a:24:57]
une [a:0:45]
un [a:26:301]
utt[an:1235:8]
utm[an:22:0]
ut[a:1388:2932]
ush[an:221:2]
us [an:17:7]
us-[an:16:3]
us[a:1217:69969]
ulu[a:23:31]
ura[a:23:361]
uri[a:11:473]
uro[a:15:121]
ure[a:22:112]
url[a:37:173]
um [a:1:22]
uka[an:37:9]
uki[an:19:8]
uk[a:70:158]
ube[an:50:8]
ubl[an:10:0]
ub[a:100:418]
uv[a:18:94]
u [a:5:71]
u-[a:3:93]
uf[a:8:19]
uh[a:5:11]
u.[a:1:22]
uw[a:11:120]
u[an:295187:162335]
of [a:213:1867]
onco[an:746:2]
oner[an:65:4]
only)[a:0:12]
onl[an:18383:391]
ons[an:931:8]
onb[an:370:1]
ong[an:9449:72]
on-[an:5631:87]
onto [a:7:16]
ont[an:508:21]
ono[an:184:2]
on/[an:113:3]
oni[an:334:8]
ona[an:11:2]
onu[an:32:1]
onr[an:44:1]
ony[an:31:0]
ond[an:11:3]
onw[an:42:1]
onm[an:47:1]
on[a:38066:49543]
obr[a:2:15]
or [a:127:1548]
organization→[a:0:27]
oril[a:2:8]
occurs[a:4:28]
ocho[a:2:12]
oui[a:7:34]
olv[a:0:24]
otr[a:10:26]
owns[a:1:10]
oggi[a:0:24]
o[an:567188:57576]
WikiEl[an:8:3]
n-n[a:8:16]
n-[an:1230:123]
nt[an:67:21]
n [an:208:146]
n+[an:14:2]
n&[an:65:8]
n×[an:55:5]
nda[an:47:9]
nbs[an:18:5]
nx[an:12:2]
npa[an:16:10]
nW[an:13:1]
ncu[an:8:2]
nV[an:33:10]
ku [an:25:6]
discusses[an:8:2]
dich [an:14:0]
dem [an:42:2]
describes[an:16:11]
desec[an:77:51]
der [an:4360:6]
den [an:276:175]
dein[an:32:17]
das [an:66:0]
"a [a:20:502]
"a[an:12154:769]
"f"[an:19:1]
"m"[an:31:4]
"l"[an:27:1]
"eu[a:5:39]
"e[an:9275:211]
"homa[an:18:10]
"hour[an:19:1]
"honey[a:0:32]
"honk[a:0:18]
"hon[an:256:61]
"heir[an:16:3]
"h"[an:52:7]
"s"[an:134:11]
"Hon[an:73:18]
"H-[an:10:1]
"H"[an:67:13]
"HD[an:8:2]
"N"[an:51:9]
"NPOV [an:13:3]
"NPO[a:19:20]
"NP[?:23:23]
"r"[an:46:0]
"unin[an:142:5]
"unid[an:21:5]
"unim[an:21:3]
"uni[a:199:798]
"u"[a:2:46]
"us [an:45:1]
"us"[an:9:3]
"us[a:68:381]
"utt[an:37:0]
"ut[a:41:54]
"u[an:3867:1389]
"on-[an:41:2]
"on [an:49:9]
"on"[an:10:0]
"onl[an:154:11]
"ong[an:49:11]
"on[a:351:892]
"o[an:6268:1045]
"it's [a:9:14]
"i[an:8451:295]
"Ont[an:11:0]
"On [an:20:1]
"Onl[an:13:5]
"On[a:56:86]
"O[an:1407:178]
"M"[an:73:12]
"MC[an:11:2]
"n"[an:35:5]
"A [a:36:70]
"A[an:4316:329]
"S"[an:159:17]
"S-[an:17:7]
"S.[an:10:5]
"SS[an:10:2]
"Unr[an:18:0]
"Und[an:54:4]
"Unk[an:23:0]
"Unc[an:26:3]
"Uns[an:11:0]
"Ul[an:68:2]
"Ur[an:35:13]
"Ug[an:9:3]
"Up[an:38:0]
"L"[an:152:7]
"L-[an:16:0]
"XX[a:2:15]
"X[an:322:70]
"F"[an:94:9]
"F-[an:12:5]
"R"[an:100:12]
"RF[an:16:3]
"R-[an:12:1]
"Rf[an:15:3]
"I[an:2304:303]
"18[an:23:5]
"Eu[a:15:171]
"E[an:1951:288]
"...i[an:11:3]
"8[an:74:8]
"@[an:10:5]
"-e[an:10:0]
"-i[an:24:1]
"x[an:47:24]
"é[an:20:0]
verses[an:14:1]
Gria[an:50:1]
Geara[an:21:0]
Gort[an:49:10]
Gof[an:77:12]
Garda[an:174:128]
Garbh[an:15:2]
Gaid[an:9:1]
Glean[an:20:7]
Giang[an:231:0]
Ghao[an:10:1]
Ghai[an:23:0]
Gharr[an:10:0]
Ghae[an:53:0]
Ghr[an:15:10]
Ghl[an:11:1]
Gó[an:18:9]
Gà[an:17:1]
Gú[an:17:0]
historical"[an:11:6]
historic"[an:20:8]
hims[an:15:9]
heira[a:1:50]
heir[an:1928:81]
hour[an:21750:133]
homa[an:1714:1227]
homm[an:36:15]
honey[a:1:833]
honk[a:0:96]
hond[a:0:12]
honi[a:0:12]
honv[a:0:13]
hon[an:20803:1451]
hors [an:26:3]
h,[an:11:0]
h-U[a:0:39]
h-[an:176:48]
h [an:103:9]
http [an:23:8]
htt[a:47:59]
ht[an:141:103]
hC[an:39:1]
hô[an:23:16]
2440[an:13:3]
Uruguayan-[an:15:9]
Uruk[an:15:0]
Uru[a:312:655]
Urar[an:13:7]
Ura[a:32:128]
Uri[a:12:21]
Uro[a:4:11]
Urk[a:2:29]
Ure[a:0:11]
Ur[an:1733:1024]
U-23 [an:16:7]
U-21[an:14:9]
U-Bo[a:0:63]
U-B[an:80:78]
Uto-[an:22:11]
Utt[an:28:3]
Utr[an:27:6]
Utn[an:10:1]
Uth[an:9:2]
UNDU[an:11:1]
Unin[an:41:4]
Unid[an:32:8]
Uns[an:214:3]
Unc[an:508:11]
Unl[an:145:6]
Und[an:880:35]
Unq[an:23:0]
Unab[a:9:15]
Unan[a:10:23]
Una [a:1:9]
Una[an:183:56]
Unw[an:77:3]
Unes[a:1:34]
Une[an:316:45]
Un-[an:19:1]
Unk[an:277:2]
Unters[a:15:39]
Unt[an:147:44]
Unf[an:303:2]
Unu[an:103:2]
Unb[an:99:1]
Uno[an:155:8]
Unr[an:195:8]
Unm[an:120:4]
Unp[an:95:1]
Unn[an:57:6]
Ung[an:37:0]
Unh[an:64:5]
Umi[a:5:12]
Um[an:245:61]
Up[an:1179:37]
Ust[an:41:10]
Ush[an:17:4]
UMN[an:17:7]
Ugl[an:90:2]
Uli[a:5:14]
Ul[an:1026:92]
Ubi[a:10:20]
Ub[an:108:49]
Ua[an:138:1]
Uz[an:297:62]
UDP-[an:30:9]
Ui[an:35:13]
Uh[an:17:7]
Ud[an:23:11]
Ux[an:17:1]
Uw[an:10:4]
U/1[an:10:1]
Uc[an:14:8]
183-[a:0:15]
183 [a:2:9]
189 [a:4:12]
189-[a:0:15]
184-[a:0:19]
184 [a:3:13]
1808[an:21:0]
1804[an:39:2]
1803[an:26:3]
1809[an:25:2]
1800[an:114:45]
1801[an:32:5]
1806[an:21:4]
1807[an:17:3]
1805[an:23:6]
1802[an:23:3]
180[a:364:906]
187-[a:0:19]
187 [a:0:18]
188-[a:0:25]
188 [a:3:11]
182 [a:1:17]
182-[a:0:23]
181-[a:0:12]
181 [a:0:12]
186-[a:0:13]
186 [a:3:13]
185-[a:2:28]
185 [a:0:29]
18:1[an:8:2]
18:[a:9:29]
18[an:13695:3116]
115[a:37:236]
110[a:58:585]
114[a:18:142]
111[a:49:148]
112[a:18:209]
117[a:17:123]
113[a:14:103]
119[a:7:97]
11:0[an:15:5]
11:[a:29:33]
116[a:13:138]
118[a:14:125]
11[an:5621:3452]
1,800 [an:24:18]
Ilb[a:2:94]
Ilh[a:0:27]
Indigi[a:1:20]
Independê[a:0:15]
Industrie[a:5:22]
Innocenz[a:0:12]
Internac[a:2:13]
Invenç[a:0:17]
Islam [a:38:256]
Islam.[a:0:92]
Islam,[a:0:83]
Islands[a:4:31]
Issy[a:0:12]
Is [a:1:57]
Isc[a:2:20]
Imams[a:0:33]
Imā[a:11:28]
IR£[a:3:8]
II [a:39:50]
III[a:22:61]
II-[a:0:17]
II.[a:2:9]
Igr[a:0:13]
INR [a:2:9]
INR[?:9:9]
Idad[a:0:19]
I-A[a:5:29]
I [a:244:340]
If [a:5:25]
I'[a:20:30]
I[an:167363:5771]
yli[an:11:1]
Ordem[a:0:12]
Oscu[a:1:20]
Olv[a:0:42]
Oberstu[a:26:85]
Oberst [an:31:3]
Oberstl[an:14:3]
Oberst[?:92:92]
Obers[a:102:115]
Oute[a:143:396]
Outrag[an:18:4]
Outra[a:19:20]
Oui[a:8:92]
Oop[a:3:18]
Otr[a:0:10]
Onei[an:45:0]
One[a:62:915]
Onco[an:11:0]
Onc[a:15:20]
OF [a:3:10]
ONE[a:1:44]
O[an:53160:3685]
Leab[an:29:1]
Lannt[an:12:0]
Laoig[an:16:0]
Lae[an:26:11]
Lusi[a:0:28]
Luso[a:0:14]
Lust[a:1:35]
Lus[an:427:105]
Locha[an:48:10]
Loc,[an:15:0]
Loc [an:61:0]
Loc.[an:18:0]
LMX[a:0:15]
LM[an:219:94]
LED[an:352:93]
LE [an:8:2]
LTC[a:1:9]
LT[an:228:88]
LAP[an:82:23]
LA [an:182:67]
LAL[an:25:7]
LA-[an:9:1]
L-[an:583:134]
LIR[an:17:11]
LD[an:626:123]
L2[an:91:19]
LH[an:44:27]
LP[an:1610:173]
LC[an:797:164]
LL[an:2223:257]
LW[an:24:18]
LZ[an:24:13]
LOE[an:13:8]
LS[an:430:73]
LX[an:13:3]
LU [an:15:5]
LGBT-r[a:9:17]
LG[an:462:208]
LN[an:133:46]
LR[an:197:45]
L.[an:285:80]
LF[an:109:22]
LB[an:79:31]
LV[an:67:18]
L/[an:21:10]
LJ[an:12:5]
L,[an:14:4]
Lộ[an:19:0]
L1[an:46:12]
L3[an:50:9]
Lú[an:32:2]
Lp[an:14:1]
Là[an:22:0]
Den [an:26:10]
Deutschl[an:16:2]
Dain[an:30:11]
Daimh[an:10:0]
Daoq[an:26:0]
District,[an:51:30]
Dich[an:21:7]
Diot[an:11:1]
Dinas[an:28:0]
Doru[an:11:2]
Domh[an:18:2]
Doi[an:17:10]
Dubh[an:18:0]
Dui[an:11:6]
Drumma[an:12:2]
Droi[an:32:9]
Droc[an:10:0]
Dú[an:28:9]
Dư[an:65:0]
Dù[an:14:1]
-s [an:26:0]
-a[an:63:34]
-o[an:34:9]
-O[an:11:1]
-i[an:72:29]
-di[an:76:62]
-e[an:66:24]
$18 [an:55:11]
$18.[an:15:8]
$11.[an:26:19]
$11 [an:66:9]
$11,0[an:8:2]
$11,[?:13:13]
$8[an:618:154]
800x[a:19:38]
85h[a:5:10]
890[a:10:18]
8,03[a:0:10]
8,1[a:7:38]
8,2[a:11:20]
8[an:17215:3253]
Phobi[a:0:10]
Phob[an:166:14]
Phoi[an:16:0]
Phu[an:27:18]
Phú[an:31:1]
Province,[an:24:12]
Post-M.[an:13:0]
Post,[an:23:2]
Post.[an:13:0]
Poc [an:14:0]
Pierl[an:24:1]
Shi [an:90:5]
Shig[an:27:10]
Scua[an:17:0]
Socac[an:16:0]
Sommert[an:10:0]
Spidé[an:30:0]
Spio[an:15:6]
Spyr[an:11:5]
Siar[an:12:2]
Sish[an:44:1]
Sion[an:49:4]
S&W[a:5:10]
S&[an:135:46]
SECR[a:3:21]
SECO[a:0:27]
SEC[an:260:103]
SEI[an:12:7]
SEM [an:22:16]
SEO[an:59:34]
S-[an:705:160]
SNA[a:9:27]
SNE[a:20:51]
SNO[a:0:104]
SN[an:359:358]
SMA [an:11:1]
SMA[a:13:78]
SMI[a:6:17]
SME [an:18:2]
SME[a:26:39]
SMO[a:2:15]
SM[an:605:268]
SH-[an:33:13]
SH3[an:11:1]
SH2[an:12:1]
SSN[a:9:14]
SSA [an:8:2]
SSA[?:17:17]
SSE[a:8:13]
SS.[a:3:8]
SS[an:1465:415]
SCA [an:26:10]
SCT[an:24:5]
SCC[an:42:14]
SCRA[a:1:14]
SCR[an:43:30]
SCB[an:15:8]
SCO [an:11:3]
SCP[an:9:3]
STV[an:30:7]
STA [an:24:1]
STD[an:107:17]
ST-[an:12:2]
STB[an:13:4]
STM[an:24:13]
STS[an:29:4]
ST [an:13:8]
STL[an:22:3]
STC[an:26:2]
STP[an:10:5]
STF[an:12:3]
SI [an:209:15]
SA-[an:85:42]
SAT [an:50:38]
SATB[an:18:4]
SA [an:116:28]
SAS [an:74:49]
SASE[a:3:13]
SAS[?:81:81]
SAA [an:9:4]
SAE[an:17:6]
SPO[a:18:36]
SPAR[a:0:80]
SPAN[a:0:15]
SPAA[a:0:10]
SPAC[a:0:21]
SPAD[a:0:34]
SPAM[a:0:31]
SPE [an:16:3]
SPE[a:18:125]
SPU[a:3:21]
SPIC[a:0:16]
SP[an:1777:1347]
SLA [an:11:1]
SLA[a:17:94]
SLI[a:13:31]
SLE[a:4:9]
SLO[a:5:16]
SL[an:281:221]
SOS[an:170:24]
SOV[an:18:9]
SOE[an:37:6]
SOA [an:35:19]
SOAI[an:16:5]
SO([an:16:5]
SO [an:8:2]
SF[an:223:149]
S [an:343:170]
SUS[a:0:15]
SUM[a:0:14]
SUB[a:0:44]
SUI[a:0:21]
SUN[a:0:39]
SUL[a:59:103]
SUP[a:3:43]
SUR[a:0:25]
SUC[a:4:11]
SU[an:438:397]
SWR[an:18:5]
SWP[an:12:2]
SWF[an:25:12]
SR[an:266:103]
S.B[an:30:9]
S.M[an:22:12]
S.E[an:11:6]
S.T.M[an:9:2]
S.T.B[an:8:2]
S.O[an:30:6]
S1[an:41:18]
SDN[a:0:10]
SD[an:652:161]
SB[an:210:93]
SGD[a:2:8]
SG[an:179:59]
SXS[a:3:11]
SX[an:31:23]
SJ[an:10:5]
SV [a:13:21]
SV[an:993:241]
SKY[a:0:11]
SK[an:65:63]
S2[an:21:9]
Sgu[an:20:1]
Sgo[an:9:3]
S4[an:17:4]
S3[an:25:7]
S,[an:21:12]
S)[an:9:1]
S6[an:12:4]
S7[an:10:3]
Hour[an:377:2]
Honol[a:1:48]
Hond[a:29:956]
Hong[a:10:1883]
Hones[an:164:2]
Hone[a:164:169]
Honk[a:0:29]
Hon[an:4862:3247]
Hoa [an:14:3]
Historical,[an:20:13]
Historio-[an:23:0]
Historie[an:17:9]
Habilitations[an:9:3]
Herrn[an:13:1]
Heir[an:39:2]
Hu [an:10:2]
HIS[a:13:58]
HIM[a:2:10]
HIG[a:5:48]
HID [an:9:4]
HID[a:12:24]
HIC[a:1:10]
HIP[a:2:22]
HIN[a:1:10]
HI[an:455:277]
HTP[a:7:14]
HT[an:1096:232]
Hyan[an:19:2]
Hypotr[an:12:0]
HB[an:386:70]
HDB[a:10:17]
HD[an:713:320]
HC [a:4:9]
HC[an:76:53]
HV[an:91:47]
HMMW[a:10:17]
HM[an:189:84]
HLA-D[a:9:16]
HL[an:187:57]
HQ[an:64:30]
HN[an:62:23]
HG[an:25:16]
H-[an:354:65]
HF[an:80:32]
H.A[a:0:13]
H.[an:177:81]
HP[an:308:118]
HU-[an:15:3]
HST[a:11:18]
HSR[a:8:24]
HS [a:9:33]
HS[an:179:130]
HWM[an:9:2]
HWT[an:10:5]
HRT[a:11:21]
HRA [a:3:8]
HR[an:137:93]
HOV[an:46:14]
HO [an:22:5]
H3[an:19:11]
H0[an:10:4]
H2[an:52:23]
H1N[a:12:24]
H1[an:40:29]
HH[an:99:33]
H,[an:12:3]
H5[an:44:8]
H4[an:12:4]
H&[an:25:12]
HJ[an:9:2]
Chang-[an:17:1]
Chapai[an:11:0]
Chais[an:22:4]
Choy[an:8:3]
Choms[a:0:11]
Chom[an:34:19]
Cheath[an:31:0]
Chái[an:13:0]
Ché[an:13:8]
Chn[an:17:5]
Calb[an:11:2]
Cafe.[an:38:4]
Cais[an:50:6]
Cail[an:14:1]
Comune[a:0:11]
Comu[an:36:25]
County,[an:76:35]
Cosa[an:23:15]
Coim[an:29:3]
Cuan[an:10:0]
Cloch[an:20:1]
Claid[an:17:0]
Cló[an:39:0]
Clé[an:10:3]
Recti[an:12:7]
Roin[an:10:1]
Rubh[an:13:1]
Rua[an:22:13]
RST[a:4:28]
RS [a:455:616]
RS,[a:117:158]
RS.[a:149:255]
RS)[a:11:38]
RS?[a:28:75]
RS[an:1500:1338]
Ratha[an:11:6]
RNG[a:3:10]
RN[an:630:110]
RB[an:769:95]
R-[an:551:82]
ROC [an:36:27]
ROT[an:80:32]
RAF[an:823:230]
RAA[an:95:77]
RAC [an:13:5]
RA [an:28:9]
RF[an:5163:989]
Rinn[an:14:9]
Ria[an:23:16]
RIA[an:90:24]
RIC [an:50:9]
RI [an:10:1]
Rhein [an:11:4]
RT[an:497:132]
RC[an:629:128]
RK[an:154:11]
R.C[a:5:11]
R.[an:149:92]
RHS[an:13:1]
RP[an:837:165]
RD[an:253:81]
RER[an:14:5]
RE [an:18:1]
RET[an:31:24]
RG[an:182:21]
RM1[a:4:17]
RM[an:183:135]
R5[an:14:7]
R&[an:979:276]
RL [a:12:24]
RL[an:57:33]
RR[an:124:61]
R,[an:15:5]
R6[an:13:4]
RX[an:21:11]
R3[an:37:15]
RV[an:212:37]
RU[an:267:62]
Rn[an:8:2]
Rf[an:13024:4580]
R4[an:29:8]
R10[a:5:11]
R1[an:92:41]
R2[an:39:14]
RJ[an:65:8]
R/[an:26:6]
RQ[an:16:7]
Río [a:0:10]
Rí[an:20:16]
Rò[an:11:0]
Estr[a:17:35]
Espad[an:15:10]
Espe[an:234:15]
Espo[an:14:0]
Esp[a:298:1819]
Escob[a:2:8]
Escol[a:1:15]
Escro[an:14:0]
Escr[a:15:30]
Enseñ[a:0:11]
Enam[a:5:34]
Eulo[a:7:14]
Eul[an:159:40]
Eu[a:554:12426]
EUR[a:3:57]
Empez[a:0:43]
Extrañ[a:0:10]
Extrema[a:4:24]
Ethnik[a:0:12]
Ella[a:10:16]
Elbe[a:9:14]
E.S[a:9:16]
Ebola[an:14:0]
Ebol[a:14:16]
E[an:146827:18030]
Tighe[an:8:2]
Tio[an:12:7]
Thoi[an:21:0]
Taib[an:15:2]
Tais[an:50:6]
Taves[an:24:0]
Tava[an:18:3]
Taoiseach [a:14:19]
Taoise[an:28:22]
Taob[an:13:0]
Teamp[an:11:0]
Teal[an:32:6]
Teag[an:10:3]
Tost[an:13:5]
Tuir[an:18:0]
Tà[an:12:0]
Tzu[an:11:4]
Tó[an:16:1]
Tú[an:21:3]
Tư[an:10:0]
Beal[an:17:11]
Buddhism[an:35:20]
Brao[an:8:2]
Binh[an:11:6]
Baile [an:24:0]
Bord [an:126:12]
Bogd[an:18:9]
Byeo[an:11:0]
Bhai[an:72:10]
Bhá[an:50:0]
Béa[an:14:4]
B'a[an:17:0]
Valley,[an:10:4]
VII [a:3:10]
VII[an:45:29]
'r'[an:19:1]
'on [an:18:0]
'on[a:43:149]
'o[an:860:187]
'On[a:7:20]
'O[an:233:31]
'a [a:1:20]
'a[an:1574:49]
'hon[an:33:10]
'h'[an:25:9]
's',[an:11:2]
'Eu[a:1:21]
'E[an:304:29]
'unin[an:13:0]
'uni[a:18:134]
'u'[a:0:13]
'us[a:10:47]
'u[an:463:219]
'n'[an:19:3]
'e[an:1265:25]
'L'[an:84:1]
'i[an:1083:34]
'S'[an:51:2]
'N'[an:13:1]
'I[an:272:30]
'F'[an:27:2]
'M'[an:28:5]
'R'[an:33:0]
'Hon[an:26:3]
'H'[an:14:1]
'A[an:672:40]
'X[an:65:11]
'8[an:78:9]
'x[an:27:5]
Yong[an:21:9]
Yeth[an:13:2]
Yany[an:10:4]
Yi [an:13:4]
Yp[an:9:3]
Yv[an:8:3]
Jung-[an:88:0]
Jeon[an:9:3]
Jian[a:7:26]
Jia[an:110:32]
Karls[an:11:6]
Khe [an:34:0]
Khe,[an:16:0]
Kun [an:14:4]
(cr[an:39:20]
(uni[a:26:81]
(unl[a:6:22]
(un[an:316:153]
(ul[an:12:1]
(Sur[an:14:0]
(modern)[a:0:10]
(modern[an:21:15]
(n,[an:10:4]
(n&[an:28:6]
(n+[an:35:4]
(n-[an:23:5]
(ori[an:11:4]
(ol[an:14:5]
(op[an:29:10]
(of[an:35:22]
(ou[an:8:3]
(ob[an:11:6]
(ov[an:9:3]
(ano[an:10:4]
(ar[an:30:16]
(als[a:9:36]
(al[an:112:91]
(adm[an:45:13]
(ap[an:67:9]
(Chi[an:23:8]
(in [a:20:87]
(incl[a:3:12]
(i.[a:3:32]
(if[a:2:12]
(i[an:280:255]
(prese[an:16:4]
(el[an:11:6]
(ex[an:40:21]
(ev[an:16:10]
(X[an:24:12]
(長[an:14:0]
(;[an:10:3]
(西[an:23:0]
(南[an:9:2]
(建[an:10:0]
(乐[an:10:0]
Quang[an:11:4]
Qing [a:2:91]
Qin [a:0:22]
Qia[a:0:17]
Qi[an:219:196]
α-ch[a:2:8]
α-c[?:10:10]
α[an:277:44]
x-[an:304:20]
x8[an:141:19]
x [an:148:70]
xm[an:34:17]
x.[an:15:4]
x,[an:16:3]
xt[an:17:1]
xk[an:21:0]
xD[an:9:2]
xb[an:20:11]
xr[an:9:1]
xf[an:25:6]
‘e[an:107:1]
‘i[an:110:3]
‘a[an:142:9]
‘un[a:14:19]
‘u[an:30:27]
‘on[a:4:19]
‘o[an:104:20]
‘I[an:34:1]
‘E[an:39:5]
‘O[an:29:7]
‘A[an:65:5]
/h[an:17:12]
/s/[an:14:0]
/i[an:15:1]
/e[an:11:4]
/l[an:12:5]
/a[an:17:5]
“a [a:1:13]
“a[an:549:22]
“uni[a:6:52]
“us[a:5:15]
“u[an:213:69]
“on[a:14:61]
“o[an:298:67]
“hon[an:24:3]
“I[an:114:3]
“i[an:497:6]
“e[an:474:12]
“Hon[an:11:3]
“A[an:226:12]
“Eu[a:0:12]
“E[an:112:17]
“F”[an:13:0]
“S”[an:9:2]
“O[an:51:8]
“X[an:17:1]
#i[an:20:11]
Xiany[an:26:0]
Xi[a:77:241]
XV[a:13:57]
Xe[a:2:226]
XIV[a:3:14]
XIX[a:2:22]
XX [an:16:6]
XX[a:53:57]
Xy[a:0:25]
Xh[a:0:47]
Xu[a:11:40]
Xa[a:6:84]
Xo[a:3:14]
XU[a:3:10]
XA[a:8:22]
Xm[a:8:17]
X[an:6017:1399]
0-4 [a:34:82]
0-4[an:142:132]
0-8[an:46:20]
0-for-[an:11:1]
0-6-[an:79:51]
0-2-[an:10:4]
08[an:25:14]
.mp[an:13:8]
.av[an:16:11]
.og[an:29:17]
:Wikipedia:E[an:12:0]
£11[an:31:25]
£8[an:141:44]
&or[a:0:11]
&o[an:16:15]
*e[an:22:1]
*i[an:13:2]
*a[an:25:5]
–i[an:9:2]
Ō[an:28:0]
ω[an:49:7]
[h[a:4:30]
[ [a:13:64]
[p[a:0:11]
[[an:516:284]
ε[an:37:4]
éta[an:39:2]
étu[an:20:1]
ét[a:66:141]
ég[a:0:13]
é[an:315:184]
Él[a:4:11]
É[an:60:17]
æ[an:13:6]
`a[an:12:1]
Ó[an:56:7]
ü[an:21:4]
Ü[an:25:2]
Å[an:18:3]
ā[an:19:7]
ō[an:42:4]
İ[an:12:3]
Đ[an:13:5]
À[an:14:0]
Ö[an:29:11]
Ä[an:21:3]
ö[an:10:2]
[a:6836218:32530496]
