states [an:52:17]
states:[an:14:0]
sich[an:32:4]
spinnen[an:8:3]
sprot[an:10:4]
sp3[an:13:2]
says[an:37:9]
s [an:90:73]
s.[an:21:13]
s-[an:58:10]
s,[an:15:1]
ssh[an:10:4]
sve[a:0:22]
sva[a:0:11]
sv[an:94:79]
contains[an:22:14]
refers[an:25:6]
requires[an:9:3]
r [an:37:18]
r-[an:37:7]
rf[an:150:34]
rm[an:8:3]
r.[an:12:5]
r&[an:10:2]
indicates[a:4:9]
instead?[an:41:5]
instea[a:61:67]
is [a:576:1912]
is.[a:1:15]
if [a:84:184]
it [a:50:74]
ibn[a:0:17]
iu[a:6:19]
ii[a:9:14]
i[an:828066:9849]
makes [an:18:8]
mentions[an:31:4]
mein[an:15:1]
mR[an:74:22]
m-[an:99:9]
m [an:52:20]
m&[an:24:4]
m×[an:15:1]
mb[an:19:8]
mt[an:22:9]
mp[an:184:28]
mf[an:11:4]
andr[an:751:5]
ande[an:39:2]
anda[an:15:0]
and[a:2447:4705]
anot[a:101:133]
an [a:286:480]
anyw[a:7:27]
al-I[a:2:79]
appears[a:3:22]
apart [a:4:9]
apre[a:3:8]
are [a:112:150]
are:[a:2:36]
artí[a:0:10]
about-[an:51:0]
abou[a:198:321]
agai[a:64:134]
a [a:1264:1986]
a[an:1662097:18113]
than [an:394:64]
t-S[an:72:1]
tS[an:65:1]
Nao[an:14:4]
NASL[an:21:4]
NAAF[a:0:11]
NAA[an:143:57]
NA [an:19:11]
NAI[an:93:34]
NH[an:1451:174]
N-S[a:5:14]
N-a[a:20:42]
N-[an:334:151]
NT$[a:1:11]
NT[an:214:68]
NK[an:97:27]
NF[an:2326:182]
NES [an:67:53]
NEA[an:78:18]
NEH[an:22:3]
NLS[a:4:9]
NL[an:231:44]
NM[an:213:33]
NSW[a:8:111]
NS[an:408:224]
ND[an:287:48]
NC[an:1808:435]
N [an:92:29]
NB[an:2158:215]
NPOV-[an:23:14]
NPO[a:1483:1925]
NP[an:2195:2091]
NV[an:89:36]
N.Y[a:2:8]
N.[an:53:48]
NYU[an:48:6]
NYP[an:104:30]
N6[an:21:9]
NNT[an:11:4]
NNR[an:10:0]
NUS[an:15:1]
NG[an:615:103]
NIS[a:14:27]
NIC[a:10:38]
NIMH[an:12:4]
NIM[a:12:13]
NIN[a:0:15]
NIL[a:2:10]
NI[an:239:202]
NWA[an:72:20]
NRJ[a:1:10]
NRT[a:12:45]
NR[an:242:128]
NJC[an:22:15]
NX[an:38:4]
N4[an:8:2]
Nv[an:21:6]
N²[an:12:0]
each [a:8:15]
each[?:17:17]
exists[a:4:17]
empez[a:0:11]
ella[a:5:11]
el-[a:3:9]
enoug[a:10:28]
everyo[a:2:8]
either [a:30:53]
either.[a:2:12]
eup [an:11:0]
eu[a:206:2401]
ew[a:14:51]
e[an:1018880:9413]
Amar"[a:0:10]
Armat[a:3:9]
Athlo[an:33:1]
Athleti[an:85:1]
Athl[a:161:179]
Asturias[a:1:9]
Andaluc[a:3:17]
AAA[a:131:162]
AUD[a:14:35]
AU$[a:24:76]
AUSC[a:6:12]
Akiz[a:2:9]
A$[a:10:52]
A[an:325758:6256]
l [an:15:8]
lp[an:8:3]
Me-[an:11:3]
Mie[an:14:9]
MoU[an:26:18]
M.A.S[a:0:10]
M.[an:4157:1245]
MTR[a:34:48]
MT[an:891:245]
MI5[an:43:1]
MIT[an:172:29]
MI6[an:68:7]
MI [an:14:2]
MIA[an:13:7]
MD[an:539:108]
M-t[a:26:41]
M-[an:298:110]
M5[an:27:10]
MOU[an:38:27]
MO [an:15:7]
MOT [an:12:6]
MS[an:1347:378]
MMT[a:6:21]
MM[an:566:283]
M4[an:107:37]
M3[an:61:17]
M190[an:11:0]
M19[a:29:35]
M1[an:372:99]
MAC[a:1:236]
MAG[a:2:23]
MAJ[a:0:81]
MAS[a:5:69]
MAL[a:1:34]
MAN[a:3:56]
MAD[a:3:49]
MAR[a:1:60]
MAT[a:4:41]
MAP[a:3:45]
MAX[a:0:41]
MAM[a:1:12]
MAF[a:3:17]
MA[an:2070:1118]
MC[an:553:105]
MP[an:3045:285]
MK[an:85:36]
M7[an:31:19]
ML[an:768:212]
MV[an:236:74]
MEP[an:217:32]
MEd[an:9:4]
ME [an:13:7]
MEn[an:14:1]
MR[an:477:74]
MB[an:2502:206]
MH[an:207:50]
M8[an:27:4]
MF[an:840:111]
M,[an:14:0]
MX[an:68:12]
MUV[an:12:2]
M6[an:83:22]
MG[an:258:60]
M2[an:119:54]
MN[an:104:27]
M&[an:37:9]
M [an:131:39]
M9[an:15:3]
Mh[an:40:8]
Msc[an:10:1]
M/[an:25:2]
Mf[an:332:52]
fM[an:31:2]
f [an:24:7]
f-[an:49:11]
f/[an:24:4]
ft[an:21:11]
fp[an:12:3]
univo[an:26:11]
unicorp[an:13:0]
unimo[a:1:32]
unim[an:608:40]
unin[an:21231:163]
unidi[a:9:90]
unid[an:1659:94]
uni[a:24007:69267]
unans[an:86:0]
unann[an:221:2]
unant[an:60:0]
unana[an:9:2]
unan[a:424:2249]
unary[a:7:131]
una [a:4:39]
unles[a:4:17]
une [a:0:21]
un [a:16:144]
utt[an:958:7]
utm[an:19:0]
ut[a:1086:2463]
upo[a:4:10]
uses[an:9:3]
ush[an:201:1]
us-[an:12:3]
us [an:10:4]
us[a:949:52897]
ulu[a:14:28]
ura[a:18:317]
uri[a:10:404]
uro[a:14:99]
ure[a:14:88]
url[a:30:120]
uka[an:36:7]
uk[a:56:133]
ube[an:38:6]
ub[a:74:352]
u [a:4:43]
u-[a:3:84]
uv[a:15:75]
uf[a:4:15]
u.[a:1:17]
uw[a:9:75]
u[an:247182:131143]
of [a:380:2053]
onco[an:639:1]
oner[an:58:4]
onl[an:14357:263]
ons[an:831:7]
ong[an:7888:63]
on-[an:4907:75]
onb[an:320:0]
ono[an:135:1]
ont[an:433:4]
on/[an:102:2]
oni[an:287:5]
onu[an:30:1]
onr[an:39:1]
ony[an:26:0]
onw[an:36:1]
onm[an:40:1]
on[a:31311:43278]
occurs[a:3:9]
ocho[a:2:8]
or [a:338:1236]
or,[a:1:9]
oui[a:6:31]
o[an:477149:49984]
WikiEl[an:8:3]
n-[an:924:95]
nt[an:57:15]
n [an:162:85]
n+[an:9:2]
n×[an:34:4]
n&[an:42:6]
nda[an:27:7]
npa[an:11:6]
nW[an:13:1]
nV[an:23:7]
ku [an:23:3]
bega[an:10:5]
dem [an:19:1]
describes[an:13:1]
der [an:2578:0]
das [an:38:0]
"f"[an:16:1]
"a [a:15:400]
"a[an:9961:615]
"m"[an:23:3]
"l"[an:20:1]
"eu[a:4:33]
"e[an:7779:170]
"s"[an:99:9]
"homa[an:17:6]
"hour[an:17:1]
"honey[a:0:31]
"honk[a:0:17]
"hon[an:227:57]
"heir[an:14:3]
"h"[an:37:6]
"Hon[an:67:16]
"H"[an:63:13]
"N"[an:47:9]
"NPOV [an:9:2]
"r"[an:31:0]
"unin[an:108:3]
"unid[an:17:4]
"unim[an:17:2]
"uni[a:156:673]
"u"[a:2:42]
"us [an:31:1]
"us[a:49:297]
"utt[an:28:0]
"ut[a:32:49]
"u[an:3218:1152]
"on-[an:36:2]
"on [an:42:7]
"onl[an:122:7]
"ong[an:34:8]
"on[a:282:741]
"o[an:5164:862]
"i[an:6987:228]
"Ont[an:11:0]
"On [an:12:0]
"Onl[an:11:2]
"On[a:44:71]
"O[an:1173:140]
"A [a:30:50]
"A[an:3587:257]
"n"[an:32:5]
"S"[an:133:15]
"S-[an:15:3]
"S.[an:9:3]
"SS[an:9:2]
"Unr[an:15:0]
"Und[an:47:4]
"Unk[an:17:0]
"Unc[an:23:2]
"Uns[an:10:0]
"Ul[an:59:2]
"Ur[an:33:10]
"Ug[an:9:3]
"Up[an:36:0]
"L"[an:143:5]
"L-[an:13:0]
"XX[a:2:10]
"X[an:292:49]
"F"[an:81:8]
"F-[an:8:3]
"R"[an:84:9]
"RF[an:14:2]
"R-[an:10:0]
"Rf[an:9:3]
"M"[an:67:12]
"MC[an:9:2]
"I[an:1861:226]
"Eu[a:11:144]
"E[an:1662:226]
"11[an:9:3]
"18[an:18:4]
"8[an:59:7]
"@[an:9:2]
"-i[an:15:1]
"x[an:40:18]
"é[an:17:0]
verses[an:12:0]
historic"[an:12:5]
hims[an:13:5]
heira[a:1:35]
heir[an:1766:63]
hour[an:18667:97]
homa[an:1495:1085]
homm[an:34:15]
honey[a:0:712]
honk[a:0:82]
honv[a:0:10]
hon[an:18754:1195]
hors [an:25:3]
h,[an:11:0]
h-U[a:0:21]
h-[an:139:27]
h [an:77:4]
http [an:16:6]
htt[a:31:32]
ht[an:97:62]
hC[an:35:1]
hô[an:20:15]
Ura[a:23:85]
Uri[a:6:14]
Uruguayan-[an:13:8]
Uruk[an:14:0]
Uru[a:283:566]
Ur[an:1383:829]
U-23 [an:16:6]
U-21[an:14:9]
U-Bo[a:0:60]
U-B[an:76:73]
Uto-[an:17:9]
Utr[an:27:5]
Utn[an:10:1]
Utt[an:14:3]
Unid[an:17:3]
Unin[an:19:4]
Und[an:592:16]
Unc[an:195:6]
Un-[an:9:1]
Unters[a:15:38]
Untero[an:15:1]
Unte[?:41:41]
Unt[an:72:42]
Unl[an:46:4]
Unk[an:104:2]
Unm[an:30:2]
Unw[an:16:0]
Unb[an:43:0]
Unr[an:84:7]
Unan[a:7:15]
Una[an:44:30]
Unes[a:0:27]
Une[an:36:32]
Unu[an:20:1]
Unp[an:33:1]
Ung[an:11:0]
Unn[an:12:2]
Unh[an:12:3]
Uno[an:27:3]
Uns[an:55:3]
Unf[an:25:0]
Um[an:177:21]
Up[an:915:25]
UMN[an:16:7]
Ugl[an:41:0]
Ust[an:37:7]
Ush[an:15:2]
Uli[a:4:14]
Ul[an:798:55]
Ubi[a:7:13]
Ub[an:84:35]
Ua[an:91:0]
UDP-[an:30:7]
Uz[an:249:56]
Ui[an:24:12]
Uh[an:15:5]
Ud[an:18:4]
Ux[an:15:2]
189 [a:4:12]
189-[a:0:12]
184-[a:0:18]
184 [a:3:11]
1808[an:16:0]
1804[an:34:2]
1803[an:19:3]
1809[an:21:2]
1800[an:95:36]
1806[an:15:1]
1802[an:11:3]
1807[an:12:0]
1801[an:22:4]
1805[an:16:5]
180[a:283:735]
183-[a:0:13]
183 [a:2:9]
187-[a:0:15]
187 [a:0:13]
188 [a:3:10]
188-[a:0:20]
182 [a:1:15]
182-[a:0:21]
181-[a:0:11]
181 [a:0:11]
185-[a:2:23]
185 [a:0:27]
186-[a:0:11]
186 [a:3:11]
18[an:11085:2471]
115[a:36:208]
110[a:53:511]
111[a:44:121]
112[a:18:188]
117[a:15:113]
113[a:13:89]
114[a:15:119]
116[a:13:118]
118[a:13:114]
11.4[a:13:18]
119[a:6:86]
11[an:5008:3072]
Ilb[a:1:32]
Islam [a:28:171]
Islam.[a:0:79]
Islam,[a:0:72]
Islands[a:2:25]
III[a:13:29]
Imams[a:0:28]
IR£[a:2:8]
I-A[a:5:29]
I[an:120512:3545]
Diver-[an:10:5]
Dinas[an:12:0]
Doi[an:9:4]
Dún[a:4:9]
Dú[?:9:9]
Laoig[an:14:0]
Lae[an:17:8]
Locha[an:32:4]
LET[a:5:13]
LEO[a:7:27]
LEE[a:5:98]
LEA[a:27:40]
LEP[a:3:11]
LEG[a:1:49]
LE[an:353:342]
L [an:129:17]
LMX[a:0:10]
LM[an:196:73]
LIR[an:14:9]
LAP[an:71:19]
LA [an:146:36]
LAL[an:14:6]
LD[an:525:109]
L2[an:78:15]
LH[an:38:22]
LP[an:1264:126]
LT[an:172:55]
L-a[a:9:14]
L-[an:490:116]
LL[an:2102:236]
LOE[an:12:6]
LS[an:376:67]
LC[an:660:132]
LU [an:12:3]
LGBT-r[a:5:15]
LGBT-[?:22:22]
LG[an:367:171]
LN[an:107:34]
LR[an:176:36]
L.[an:198:44]
LF[an:97:16]
LB[an:64:25]
L/[an:17:8]
LZ[an:18:9]
LV[an:57:18]
L1[an:45:11]
L&[an:12:7]
L3[an:42:5]
L,[an:12:1]
LX[an:11:3]
L5[an:12:7]
$18 [an:52:8]
$18.[an:13:7]
$18,[an:9:4]
$11 [an:51:9]
$11.[an:24:16]
$8[an:555:145]
800x[a:15:29]
890[a:10:17]
8,1[a:7:38]
8,2[a:10:17]
8[an:15156:2772]
Ghai[an:12:0]
Ghae[an:13:0]
Spio[an:10:5]
S&W[a:5:10]
S&[an:101:39]
SECO[a:0:13]
SECR[a:3:13]
SEC[an:233:69]
SEI[an:11:5]
SE [an:24:18]
SEO[an:53:30]
S-[an:545:115]
SNA[a:6:21]
SNO[a:0:61]
SNE[a:14:36]
SN[an:289:251]
SMA[a:9:48]
SMI[a:6:13]
SME [an:14:2]
SME[a:18:34]
SM[an:490:196]
SS[an:1224:316]
SCA [an:20:5]
SCT[an:23:4]
SCC[an:37:14]
SCRA[a:0:11]
SCR[an:29:20]
SCO [an:8:2]
SCM[an:9:3]
STE[a:7:25]
STO[a:20:86]
STA [an:20:0]
STA[a:21:70]
STU[a:5:21]
STR[a:5:49]
ST[an:334:333]
SPO[a:12:27]
SPAR[a:0:58]
SPAN[a:0:13]
SPAC[a:0:11]
SPAD[a:0:24]
SPAM[a:0:18]
SPE [an:11:1]
SPE[a:13:75]
SPU[a:3:16]
SPIC[a:0:13]
SP[an:1273:956]
SI [an:106:10]
SLA[a:12:42]
SLI[a:12:18]
SLO[a:5:14]
SL[an:229:135]
SOS[an:159:20]
SOV[an:18:7]
SOE[an:30:5]
SOA [an:32:12]
SOAI[an:13:0]
SO([an:15:5]
SOI[an:8:2]
SACD[an:17:9]
SA [an:100:24]
SA-1[a:3:8]
SA-[an:73:39]
SAE[an:14:8]
SAT [an:44:25]
SATB[an:11:4]
SASE[a:2:10]
SAS[an:70:56]
SF[an:170:103]
S [an:264:21]
SUS[a:0:10]
SUB[a:0:14]
SUN[a:0:26]
SUL[a:34:72]
SUP[a:1:13]
SU[an:347:210]
SWR[an:15:2]
SWP[an:10:2]
SWF[an:18:11]
SR[an:215:78]
S.B[an:28:9]
S.M[an:17:8]
S.O[an:22:4]
SH3[an:10:1]
SH-[an:17:11]
SH2[an:10:1]
S1[an:34:14]
SD[an:518:117]
SB[an:160:64]
SG[an:145:51]
SXS[a:1:10]
SX[an:21:19]
SJ[an:10:5]
SK[an:60:37]
S2[an:15:8]
SV[an:694:146]
S5[an:8:2]
S4[an:13:4]
S3[an:19:6]
S,[an:17:0]
S6[an:12:4]
Hour[an:76:1]
Honol[a:1:40]
Hond[a:28:809]
Hong[a:4:1429]
Hones[an:34:2]
Hone[a:34:78]
Honk[a:0:13]
Hon[an:4147:2493]
Habilitations[an:9:3]
Heir[an:20:2]
HTP[a:3:14]
HT[an:779:171]
H [an:137:20]
HB[an:311:60]
HDB[a:9:15]
HD[an:588:253]
HC[an:63:32]
HV[an:72:41]
HM[an:144:69]
HIM[a:2:9]
HIG[a:3:26]
HID[a:10:20]
HIP[a:2:17]
HI[an:375:166]
HQ[an:56:26]
HN[an:57:23]
HG[an:21:14]
H-[an:273:53]
HF[an:69:30]
H.A[a:0:11]
H.[an:94:63]
HP[an:247:87]
HST[a:7:14]
HSR[a:7:24]
HS [a:8:22]
HS[an:145:102]
HWT[an:8:2]
HW[?:17:17]
HRT[a:8:21]
HR[an:103:70]
HOV[an:41:11]
HO [an:15:6]
H3[an:14:5]
HLA-D[a:8:15]
HL[an:65:46]
H2[an:43:18]
H+[an:15:8]
HH[an:74:25]
H,[an:11:0]
H5[an:40:5]
H1[an:32:11]
H4[an:9:2]
H&[an:22:10]
FMR[a:2:9]
FM[an:1280:166]
FB[an:1277:93]
FAR[a:82:246]
FAT[a:2:63]
FAP[a:0:22]
FAQ[a:112:213]
FAC[a:538:704]
FAD[a:4:23]
FAL[a:2:13]
FAS[a:9:32]
FAIR[a:0:10]
FAN[a:0:26]
FAM[a:0:48]
FA[an:4774:3461]
FPC?[a:2:8]
FP.[a:132:210]
FP?[a:5:14]
FP[an:819:700]
F-[an:975:167]
F/[an:47:15]
FID [an:10:5]
FIR [an:48:10]
FIAT[a:1:12]
FIA[an:90:44]
FIS [an:30:16]
FOI [an:13:4]
FO [an:14:0]
F [an:234:21]
FC[an:395:129]
FS[an:187:71]
FTT[a:9:16]
FTS[a:4:34]
FT[an:1321:243]
FY[an:136:16]
FF [a:7:22]
FF[an:118:64]
FLN[an:10:1]
FLP[an:12:2]
FLC[an:65:52]
FEC[an:9:2]
FEI[an:9:1]
F1[an:330:39]
F2[an:186:16]
FRS[an:22:8]
FRC[an:13:7]
FD[an:223:32]
F4[an:191:16]
F#[an:21:8]
FU [an:63:49]
FU.[an:20:1]
FU,[an:11:0]
F.[an:148:52]
FX[an:36:10]
F5[an:141:10]
F6[an:20:9]
Fh[an:74:1]
F9[an:10:5]
F,[an:29:0]
F"[an:43:1]
F3[an:141:18]
F0[an:59:2]
FH[an:31:15]
FV[an:12:6]
Fσ[an:14:1]
FWD[a:3:9]
FW[an:35:24]
Fc[an:14:1]
FK[an:13:6]
Ff[an:9:3]
Taves[an:16:0]
Tà[an:11:0]
Olv[a:0:13]
Oui[a:7:82]
Oop[a:0:10]
Oberst [an:29:3]
Oberstl[an:11:3]
Obers[a:88:114]
Onei[an:33:0]
One[a:45:547]
ONE[a:1:18]
O[an:38053:1929]
RNG[a:2:8]
RN[an:565:95]
RB[an:693:78]
R-[an:435:66]
ROT[an:72:31]
RAF[an:675:152]
RA [an:23:6]
RF[an:3659:706]
RIA[an:83:20]
RIC [an:28:7]
RT[an:390:103]
RC[an:492:90]
RK[an:139:11]
R [an:335:34]
RHS[an:11:1]
RST[a:3:26]
RS [a:303:433]
RS,[a:79:120]
RS.[a:97:170]
RS)[a:10:27]
RS?[a:14:42]
RS[an:1086:950]
RP[an:643:133]
RG[an:149:18]
RD[an:196:60]
RM1[a:4:16]
RM[an:149:105]
R5[an:11:6]
R&[an:829:251]
RL [a:8:14]
RL[an:45:18]
RR[an:95:26]
R,[an:12:0]
RER[an:12:4]
RE [an:15:1]
R6[an:9:3]
RX[an:17:9]
R3[an:30:10]
RV[an:179:28]
R.C[a:2:11]
R.A[a:9:14]
R.[an:103:67]
RU[an:59:45]
R4[an:27:7]
R2[an:28:13]
RJ[an:55:5]
R10[a:5:10]
R1[an:77:36]
RQ[an:14:4]
R/[an:20:4]
Rf[an:10583:4278]
VII[an:25:17]
Valley,[an:10:1]
Chais[an:14:2]
County,[an:37:5]
'r'[an:13:0]
'on [an:15:0]
'on[a:35:125]
'o[an:713:155]
'On[a:6:18]
'O[an:188:26]
'a [a:1:14]
'a[an:1235:38]
'Eu[a:1:19]
'E[an:244:25]
'hon[an:25:9]
'h'[an:19:7]
'uni[a:11:104]
'us[a:8:35]
'u[an:371:169]
'n'[an:11:2]
'e[an:1005:20]
'L'[an:78:1]
'i[an:865:20]
'N'[an:12:1]
'I[an:215:20]
'S'[an:46:2]
'F'[an:21:1]
'M'[an:25:4]
'R'[an:25:0]
'Hon[an:21:3]
'H'[an:12:1]
'A[an:536:30]
'X[an:53:11]
'x[an:22:4]
'8[an:66:5]
Buddhism[an:24:16]
Bhai[an:38:6]
Bhá[an:34:0]
Phob[an:29:5]
Phoi[an:12:0]
Enam[a:2:12]
Eul[an:127:23]
Eu[a:443:10255]
EUR[a:3:47]
Empez[a:0:10]
Espad[an:12:2]
Espe[an:183:6]
Espo[an:12:0]
Esp[a:232:729]
E[an:109454:13101]
(uni[a:23:71]
(un[an:270:106]
(ul[an:11:2]
(ol[an:11:0]
(op[an:20:4]
(of[an:32:19]
(n&[an:23:4]
(n+[an:20:2]
(n-[an:20:3]
(n,[an:9:2]
(a [a:11:26]
(alt[a:6:13]
(ass[an:9:2]
(as[a:31:34]
(a[an:376:225]
(prese[an:16:4]
(in [a:10:43]
(i.[a:2:14]
(if[a:2:15]
(i[an:216:139]
(In[an:13:7]
(e.[a:1:9]
(e[an:100:57]
(X[an:10:1]
(A[an:41:31]
(長[an:12:0]
(E[an:17:6]
(西[an:14:0]
Jian[a:0:21]
Jia[an:55:23]
xe[a:1:275]
xy[a:10:131]
xi[a:1:46]
xa[a:1:45]
xo[a:2:14]
xx[a:9:33]
x[an:685:676]
-a[an:42:26]
-s [an:21:0]
-O[an:11:0]
-i[an:57:25]
-e[an:53:13]
-di[an:55:41]
-o[an:29:7]
#i[an:17:8]
α[an:238:32]
“a[an:391:12]
“uni[a:3:34]
“us[a:5:10]
“u[an:165:44]
“on[a:14:51]
“o[an:241:57]
“I[an:90:1]
“i[an:359:5]
“e[an:341:8]
“Hon[an:11:3]
“A[an:181:5]
“E[an:91:11]
“O[an:38:7]
“hon[an:17:3]
“F”[an:10:0]
“S”[an:9:1]
“X[an:13:1]
‘i[an:88:3]
‘a[an:113:7]
‘I[an:29:0]
‘on[a:4:16]
‘o[an:84:17]
‘u[an:27:20]
‘E[an:29:5]
‘O[an:24:6]
‘e[an:88:1]
‘A[an:47:4]
Xiany[an:10:0]
Xi[a:19:195]
Xe[a:1:178]
XIV[a:3:8]
XIX[a:2:10]
XXX[a:11:17]
Xy[a:0:18]
Xh[a:0:37]
XV[a:9:35]
Xu[a:0:29]
Xa[a:2:70]
Xo[a:2:13]
XU[a:3:9]
XA[a:6:18]
X[an:4655:1032]
0-8[an:36:19]
0-11[an:12:6]
0-6-[an:72:43]
0-4 [a:32:77]
0-4[an:121:118]
08[an:23:6]
£8[an:124:40]
.mp[an:10:4]
.av[an:15:9]
.og[an:22:13]
/h[an:14:8]
/s/[an:13:0]
/i[an:12:1]
/l[an:9:3]
/e[an:9:3]
/a[an:14:4]
Á[an:14:4]
&a[an:12:5]
&o[an:11:3]
*e[an:16:1]
*i[an:11:0]
*a[an:17:2]
Ō[an:22:0]
–i[an:9:1]
ω[an:34:5]
ε[an:26:1]
á[an:12:4]
éta[an:35:2]
étu[an:12:1]
ét[a:53:114]
ég[a:0:11]
é[an:256:142]
É[an:40:3]
æ[an:9:1]
Æn[a:0:14]
Æ[?:16:16]
`a[an:10:1]
ü[an:15:3]
Ü[an:22:1]
Å[an:16:1]
ō[an:31:4]
İ[an:10:1]
Ö[an:27:10]
Ó[an:16:1]
à[an:22:3]
@[an:35:18]
ā[an:16:4]
Ä[an:10:1]
∞[an:8:2]
[a:5153633:26808177]
